2020-01-07 19:35:40.692 [main] INFO  org.hibernate.Version - HHH000412: Hibernate Core {5.4.6.Final}
2020-01-07 19:35:41.242 [main] WARN  org.hibernate.orm.deprecation - HHH90000012: Recognized obsolete hibernate namespace http://hibernate.sourceforge.net/hibernate-configuration. Use namespace http://www.hibernate.org/dtd/hibernate-configuration instead.  Support for obsolete DTD/XSD namespaces may be removed at any time.
2020-01-07 19:35:42.178 [main] INFO  org.hibernate.annotations.common.Version - HCANN000001: Hibernate Commons Annotations {5.1.0.Final}
2020-01-07 19:35:43.275 [main] WARN  org.hibernate.orm.deprecation - HHH90000012: Recognized obsolete hibernate namespace http://hibernate.sourceforge.net/hibernate-mapping. Use namespace http://www.hibernate.org/dtd/hibernate-mapping instead.  Support for obsolete DTD/XSD namespaces may be removed at any time.
2020-01-07 19:35:44.105 [main] WARN  org.hibernate.orm.deprecation - HHH90000012: Recognized obsolete hibernate namespace http://hibernate.sourceforge.net/hibernate-mapping. Use namespace http://www.hibernate.org/dtd/hibernate-mapping instead.  Support for obsolete DTD/XSD namespaces may be removed at any time.
2020-01-07 19:35:44.168 [main] WARN  org.hibernate.orm.connections.pooling - HHH10001002: Using Hibernate built-in connection pool (not for production use!)
2020-01-07 19:35:44.256 [main] INFO  org.hibernate.orm.connections.pooling - HHH10001005: using driver [oracle.jdbc.driver.OracleDriver] at URL [jdbc:oracle:thin:@//ep02:1521/mdspr02svc.uhc.com]
2020-01-07 19:35:44.257 [main] INFO  org.hibernate.orm.connections.pooling - HHH10001001: Connection properties: {user=UHG_001504675, password=ZXcv*a1z}
2020-01-07 19:35:44.257 [main] INFO  org.hibernate.orm.connections.pooling - HHH10001003: Autocommit mode: false
2020-01-07 19:35:44.263 [main] INFO  org.hibernate.engine.jdbc.connections.internal.DriverManagerConnectionProviderImpl - HHH000115: Hibernate connection pool size: 20 (min=1)
2020-01-07 19:35:48.549 [main] INFO  org.hibernate.dialect.Dialect - HHH000400: Using dialect: org.hibernate.dialect.Oracle12cDialect
2020-01-07 19:35:52.074 [main] WARN  org.hibernate.orm.deprecation - HHH90000005: Defining an entity [org.Test.modelClass.cycleDate] with no physical id attribute is no longer supported; please map the identifier to a physical entity attribute
2020-01-07 19:35:53.408 [main] INFO  org.hibernate.engine.transaction.jta.platform.internal.JtaPlatformInitiator - HHH000490: Using JtaPlatform implementation: [org.hibernate.engine.transaction.jta.platform.internal.NoJtaPlatform]
2020-01-07 19:35:54.138 [main] INFO  org.hibernateTest.Practice.TestTimeDiff - SAVING LOGS FOR 07-Jan-20 02.07.46 AM
2020-01-07 19:35:54.711 [main] INFO  org.hibernateTest.Practice.TestTimeDiff - transaction_1 for UNET-PROVIDER started
2020-01-07 19:35:55.902 [main] INFO  org.hibernateTest.Practice.TestTimeDiff -  PrePreProcessor on plan with ETA = 01/07/20 10:54 AM CST
2020-01-07 19:35:56.442 [main] INFO  org.hibernateTest.Practice.TestTimeDiff -  Pre Process on plan with ETA = 01/07/20 11:14 AM CST
2020-01-07 19:35:57.569 [main] INFO  org.hibernateTest.Practice.TestTimeDiff -  Intake on plan with ETA = 01/07/20 01:20 PM CST
2020-01-07 19:35:58.663 [main] INFO  org.hibernateTest.Practice.TestTimeDiff -  Scheduling on plan with ETA = 01/07/20 01:41 PM CST
2020-01-07 19:35:59.786 [main] INFO  org.hibernateTest.Practice.TestTimeDiff -  Release & Consolidation on plan with ETA = 01/07/20 05:49 PM CST
2020-01-07 19:36:00.861 [main] INFO  org.hibernateTest.Practice.TestTimeDiff -  Payment Processing on plan with ETA = 01/07/20 06:19 PM CST
2020-01-07 19:36:01.400 [main] INFO  org.hibernateTest.Practice.TestTimeDiff -  Post Payment Extract (OTS,TOPS, UCAS on plan with ETA = 01/07/20 06:48 PM CST
2020-01-07 19:36:02.485 [main] INFO  org.hibernateTest.Practice.TestTimeDiff -  835 EPS/B2B on plan with ETA = 01/07/20 08:02 PM CST
2020-01-07 19:36:03.022 [main] INFO  org.hibernateTest.Practice.TestTimeDiff -  EPS Funding File on plan with ETA = 01/07/20 08:04 PM CST
2020-01-07 19:36:03.567 [main] INFO  org.hibernateTest.Practice.TestTimeDiff -  Funding Report on plan with ETA = 01/07/20 08:30 PM CST
2020-01-07 19:36:04.100 [main] INFO  org.hibernateTest.Practice.TestTimeDiff -  Provider PRA on plan with ETA = 01/07/20 09:23 PM CST
2020-01-07 19:36:31.630 [main] INFO  org.hibernate.Version - HHH000412: Hibernate Core {5.4.6.Final}
2020-01-07 19:36:31.934 [main] WARN  org.hibernate.orm.deprecation - HHH90000012: Recognized obsolete hibernate namespace http://hibernate.sourceforge.net/hibernate-configuration. Use namespace http://www.hibernate.org/dtd/hibernate-configuration instead.  Support for obsolete DTD/XSD namespaces may be removed at any time.
2020-01-07 19:36:32.590 [main] INFO  org.hibernate.annotations.common.Version - HCANN000001: Hibernate Commons Annotations {5.1.0.Final}
2020-01-07 19:36:33.737 [main] WARN  org.hibernate.orm.deprecation - HHH90000012: Recognized obsolete hibernate namespace http://hibernate.sourceforge.net/hibernate-mapping. Use namespace http://www.hibernate.org/dtd/hibernate-mapping instead.  Support for obsolete DTD/XSD namespaces may be removed at any time.
