2020-01-07 19:39:48.807 [main] INFO  org.hibernateTest.Practice.TestTimeDiff -  Payment Processing on plan with ETA = 01/07/20 06:19 PM CST
2020-01-07 19:39:49.373 [main] INFO  org.hibernateTest.Practice.TestTimeDiff -  Post Payment Extract (OTS,TOPS, UCAS on plan with ETA = 01/07/20 06:48 PM CST
2020-01-07 19:39:50.503 [main] INFO  org.hibernateTest.Practice.TestTimeDiff -  835 EPS/B2B on plan with ETA = 01/07/20 08:02 PM CST
2020-01-07 19:39:51.051 [main] INFO  org.hibernateTest.Practice.TestTimeDiff -  EPS Funding File on plan with ETA = 01/07/20 08:04 PM CST
2020-01-07 19:39:51.607 [main] INFO  org.hibernateTest.Practice.TestTimeDiff -  Funding Report on plan with ETA = 01/07/20 08:30 PM CST
2020-01-07 19:39:52.149 [main] INFO  org.hibernateTest.Practice.TestTimeDiff -  Provider PRA on plan with ETA = 01/07/20 09:23 PM CST
2020-01-07 19:40:06.161 [main] INFO  org.hibernate.Version - HHH000412: Hibernate Core {5.4.6.Final}
2020-01-07 19:40:06.470 [main] WARN  org.hibernate.orm.deprecation - HHH90000012: Recognized obsolete hibernate namespace http://hibernate.sourceforge.net/hibernate-configuration. Use namespace http://www.hibernate.org/dtd/hibernate-configuration instead.  Support for obsolete DTD/XSD namespaces may be removed at any time.
2020-01-07 19:40:07.006 [main] INFO  org.hibernate.annotations.common.Version - HCANN000001: Hibernate Commons Annotations {5.1.0.Final}
2020-01-07 19:40:07.986 [main] WARN  org.hibernate.orm.deprecation - HHH90000012: Recognized obsolete hibernate namespace http://hibernate.sourceforge.net/hibernate-mapping. Use namespace http://www.hibernate.org/dtd/hibernate-mapping instead.  Support for obsolete DTD/XSD namespaces may be removed at any time.
2020-01-07 19:40:08.695 [main] WARN  org.hibernate.orm.deprecation - HHH90000012: Recognized obsolete hibernate namespace http://hibernate.sourceforge.net/hibernate-mapping. Use namespace http://www.hibernate.org/dtd/hibernate-mapping instead.  Support for obsolete DTD/XSD namespaces may be removed at any time.
2020-01-07 19:40:08.766 [main] WARN  org.hibernate.orm.connections.pooling - HHH10001002: Using Hibernate built-in connection pool (not for production use!)
2020-01-07 19:40:08.833 [main] INFO  org.hibernate.orm.connections.pooling - HHH10001005: using driver [oracle.jdbc.driver.OracleDriver] at URL [jdbc:oracle:thin:@//ep02:1521/mdspr02svc.uhc.com]
2020-01-07 19:40:08.833 [main] INFO  org.hibernate.orm.connections.pooling - HHH10001001: Connection properties: {user=UHG_001504675, password=ZXcv*a1z}
2020-01-07 19:40:08.834 [main] INFO  org.hibernate.orm.connections.pooling - HHH10001003: Autocommit mode: false
2020-01-07 19:40:08.840 [main] INFO  org.hibernate.engine.jdbc.connections.internal.DriverManagerConnectionProviderImpl - HHH000115: Hibernate connection pool size: 20 (min=1)
2020-01-07 19:40:13.077 [main] INFO  org.hibernate.dialect.Dialect - HHH000400: Using dialect: org.hibernate.dialect.Oracle12cDialect
2020-01-07 19:40:16.659 [main] WARN  org.hibernate.orm.deprecation - HHH90000005: Defining an entity [org.Test.modelClass.cycleDate] with no physical id attribute is no longer supported; please map the identifier to a physical entity attribute
2020-01-07 19:40:17.870 [main] INFO  org.hibernate.engine.transaction.jta.platform.internal.JtaPlatformInitiator - HHH000490: Using JtaPlatform implementation: [org.hibernate.engine.transaction.jta.platform.internal.NoJtaPlatform]
2020-01-07 19:52:05.434 [main] INFO  org.hibernate.Version - HHH000412: Hibernate Core {5.4.6.Final}
2020-01-07 19:52:05.712 [main] WARN  org.hibernate.orm.deprecation - HHH90000012: Recognized obsolete hibernate namespace http://hibernate.sourceforge.net/hibernate-configuration. Use namespace http://www.hibernate.org/dtd/hibernate-configuration instead.  Support for obsolete DTD/XSD namespaces may be removed at any time.
2020-01-07 19:52:06.518 [main] INFO  org.hibernate.annotations.common.Version - HCANN000001: Hibernate Commons Annotations {5.1.0.Final}
2020-01-07 19:52:07.527 [main] WARN  org.hibernate.orm.deprecation - HHH90000012: Recognized obsolete hibernate namespace http://hibernate.sourceforge.net/hibernate-mapping. Use namespace http://www.hibernate.org/dtd/hibernate-mapping instead.  Support for obsolete DTD/XSD namespaces may be removed at any time.
2020-01-07 19:52:08.410 [main] WARN  org.hibernate.orm.deprecation - HHH90000012: Recognized obsolete hibernate namespace http://hibernate.sourceforge.net/hibernate-mapping. Use namespace http://www.hibernate.org/dtd/hibernate-mapping instead.  Support for obsolete DTD/XSD namespaces may be removed at any time.
2020-01-07 19:52:08.468 [main] WARN  org.hibernate.orm.connections.pooling - HHH10001002: Using Hibernate built-in connection pool (not for production use!)
2020-01-07 19:52:08.517 [main] INFO  org.hibernate.orm.connections.pooling - HHH10001005: using driver [oracle.jdbc.driver.OracleDriver] at URL [jdbc:oracle:thin:@//ep02:1521/mdspr02svc.uhc.com]
2020-01-07 19:52:08.518 [main] INFO  org.hibernate.orm.connections.pooling - HHH10001001: Connection properties: {user=UHG_001504675, password=ZXcv*a1z}
