2020-01-06 19:30:19.182 [main] WARN  org.hibernate.orm.deprecation - HHH90000012: Recognized obsolete hibernate namespace http://hibernate.sourceforge.net/hibernate-mapping. Use namespace http://www.hibernate.org/dtd/hibernate-mapping instead.  Support for obsolete DTD/XSD namespaces may be removed at any time.
2020-01-06 19:30:19.249 [main] WARN  org.hibernate.orm.connections.pooling - HHH10001002: Using Hibernate built-in connection pool (not for production use!)
2020-01-06 19:30:19.299 [main] INFO  org.hibernate.orm.connections.pooling - HHH10001005: using driver [oracle.jdbc.driver.OracleDriver] at URL [jdbc:oracle:thin:@//ep02:1521/mdspr02svc.uhc.com]
2020-01-06 19:30:19.300 [main] INFO  org.hibernate.orm.connections.pooling - HHH10001001: Connection properties: {user=UHG_001504675, password=ZXcv*a1z}
2020-01-06 19:30:19.307 [main] INFO  org.hibernate.orm.connections.pooling - HHH10001003: Autocommit mode: false
2020-01-06 19:30:19.311 [main] INFO  org.hibernate.engine.jdbc.connections.internal.DriverManagerConnectionProviderImpl - HHH000115: Hibernate connection pool size: 20 (min=1)
2020-01-06 19:30:23.760 [main] INFO  org.hibernate.dialect.Dialect - HHH000400: Using dialect: org.hibernate.dialect.Oracle12cDialect
2020-01-06 19:30:27.905 [main] WARN  org.hibernate.orm.deprecation - HHH90000005: Defining an entity [org.Test.modelClass.cycleDate] with no physical id attribute is no longer supported; please map the identifier to a physical entity attribute
2020-01-06 19:30:29.325 [main] INFO  org.hibernate.engine.transaction.jta.platform.internal.JtaPlatformInitiator - HHH000490: Using JtaPlatform implementation: [org.hibernate.engine.transaction.jta.platform.internal.NoJtaPlatform]
2020-01-06 19:30:30.010 [main] INFO  org.hibernateTest.Practice.TestTimeDiff - SAVING LOGS FOR 06-Jan-20 02.08.05 AM
2020-01-06 19:30:30.442 [main] INFO  org.hibernateTest.Practice.TestTimeDiff - transaction_1 for UNET-PROVIDER started
2020-01-06 19:30:31.536 [main] INFO  org.hibernateTest.Practice.TestTimeDiff -  PrePreProcessor on plan with ETA = 01/06/20 10:08 AM CST
2020-01-06 19:30:32.055 [main] INFO  org.hibernateTest.Practice.TestTimeDiff -  Pre Process on plan with ETA = 01/06/20 10:45 AM CST
2020-01-06 19:30:33.093 [main] INFO  org.hibernateTest.Practice.TestTimeDiff -  Intake on plan with ETA = 01/06/20 02:07 PM CST
2020-01-06 19:30:34.125 [main] INFO  org.hibernateTest.Practice.TestTimeDiff -  Scheduling on plan with ETA = 01/06/20 02:44 PM CST
2020-01-06 19:30:35.154 [main] INFO  org.hibernateTest.Practice.TestTimeDiff -  Release & Consolidation on plan with ETA = 01/06/20 07:26 PM CST
2020-01-06 19:30:36.200 [main] INFO  org.hibernateTest.Practice.TestTimeDiff -  Payment Processing on plan with ETA = 01/06/20 07:50 PM CST
2020-01-06 19:30:36.721 [main] INFO  org.hibernateTest.Practice.TestTimeDiff -  Post Payment Extract (OTS,TOPS, UCAS on plan with ETA = 01/06/20 08:25 PM CST
2020-01-06 19:30:37.815 [main] INFO  org.hibernateTest.Practice.TestTimeDiff -  835 EPS/B2B on plan with ETA = 01/06/20 10:13 PM CST
2020-01-06 19:30:38.332 [main] INFO  org.hibernateTest.Practice.TestTimeDiff -  EPS Funding File on plan with ETA = 01/06/20 10:17 PM CST
2020-01-06 19:30:38.861 [main] INFO  org.hibernateTest.Practice.TestTimeDiff -  Funding Report on plan with ETA = 01/06/20 10:48 PM CST
2020-01-06 19:30:39.378 [main] INFO  org.hibernateTest.Practice.TestTimeDiff -  Provider PRA on plan with ETA = 01/06/20 11:45 PM CST
2020-01-06 21:45:54.078 [main] INFO  org.hibernate.Version - HHH000412: Hibernate Core {5.4.6.Final}
2020-01-06 21:45:54.457 [main] WARN  org.hibernate.orm.deprecation - HHH90000012: Recognized obsolete hibernate namespace http://hibernate.sourceforge.net/hibernate-configuration. Use namespace http://www.hibernate.org/dtd/hibernate-configuration instead.  Support for obsolete DTD/XSD namespaces may be removed at any time.
2020-01-06 21:45:55.321 [main] INFO  org.hibernate.annotations.common.Version - HCANN000001: Hibernate Commons Annotations {5.1.0.Final}
2020-01-06 21:45:56.423 [main] WARN  org.hibernate.orm.deprecation - HHH90000012: Recognized obsolete hibernate namespace http://hibernate.sourceforge.net/hibernate-mapping. Use namespace http://www.hibernate.org/dtd/hibernate-mapping instead.  Support for obsolete DTD/XSD namespaces may be removed at any time.
2020-01-06 21:45:57.714 [main] WARN  org.hibernate.orm.deprecation - HHH90000012: Recognized obsolete hibernate namespace http://hibernate.sourceforge.net/hibernate-mapping. Use namespace http://www.hibernate.org/dtd/hibernate-mapping instead.  Support for obsolete DTD/XSD namespaces may be removed at any time.
2020-01-06 21:45:57.815 [main] WARN  org.hibernate.orm.connections.pooling - HHH10001002: Using Hibernate built-in connection pool (not for production use!)
2020-01-06 21:45:57.905 [main] INFO  org.hibernate.orm.connections.pooling - HHH10001005: using driver [oracle.jdbc.driver.OracleDriver] at URL [jdbc:oracle:thin:@//ep02:1521/mdspr02svc.uhc.com]
2020-01-06 21:45:57.905 [main] INFO  org.hibernate.orm.connections.pooling - HHH10001001: Connection properties: {user=UHG_001504675, password=ZXcv*a1z}
