2020-01-08 12:09:38.456 [main] INFO  org.hibernate.Version - HHH000412: Hibernate Core {5.4.6.Final}
2020-01-08 12:09:38.857 [main] WARN  org.hibernate.orm.deprecation - HHH90000012: Recognized obsolete hibernate namespace http://hibernate.sourceforge.net/hibernate-configuration. Use namespace http://www.hibernate.org/dtd/hibernate-configuration instead.  Support for obsolete DTD/XSD namespaces may be removed at any time.
2020-01-08 12:09:39.716 [main] INFO  org.hibernate.annotations.common.Version - HCANN000001: Hibernate Commons Annotations {5.1.0.Final}
2020-01-08 12:09:40.580 [main] WARN  org.hibernate.orm.deprecation - HHH90000012: Recognized obsolete hibernate namespace http://hibernate.sourceforge.net/hibernate-mapping. Use namespace http://www.hibernate.org/dtd/hibernate-mapping instead.  Support for obsolete DTD/XSD namespaces may be removed at any time.
2020-01-08 12:09:41.327 [main] WARN  org.hibernate.orm.deprecation - HHH90000012: Recognized obsolete hibernate namespace http://hibernate.sourceforge.net/hibernate-mapping. Use namespace http://www.hibernate.org/dtd/hibernate-mapping instead.  Support for obsolete DTD/XSD namespaces may be removed at any time.
2020-01-08 12:09:41.397 [main] WARN  org.hibernate.orm.connections.pooling - HHH10001002: Using Hibernate built-in connection pool (not for production use!)
2020-01-08 12:09:41.465 [main] INFO  org.hibernate.orm.connections.pooling - HHH10001005: using driver [oracle.jdbc.driver.OracleDriver] at URL [jdbc:oracle:thin:@//ep02:1521/mdspr02svc.uhc.com]
2020-01-08 12:09:41.466 [main] INFO  org.hibernate.orm.connections.pooling - HHH10001001: Connection properties: {user=UHG_001504675, password=ZXcv*a1z}
2020-01-08 12:09:41.466 [main] INFO  org.hibernate.orm.connections.pooling - HHH10001003: Autocommit mode: false
2020-01-08 12:09:41.471 [main] INFO  org.hibernate.engine.jdbc.connections.internal.DriverManagerConnectionProviderImpl - HHH000115: Hibernate connection pool size: 20 (min=1)
2020-01-08 12:09:45.865 [main] INFO  org.hibernate.dialect.Dialect - HHH000400: Using dialect: org.hibernate.dialect.Oracle12cDialect
2020-01-08 12:09:50.011 [main] WARN  org.hibernate.orm.deprecation - HHH90000005: Defining an entity [org.Test.modelClass.cycleDate] with no physical id attribute is no longer supported; please map the identifier to a physical entity attribute
2020-01-08 12:09:51.334 [main] INFO  org.hibernate.engine.transaction.jta.platform.internal.JtaPlatformInitiator - HHH000490: Using JtaPlatform implementation: [org.hibernate.engine.transaction.jta.platform.internal.NoJtaPlatform]
2020-01-08 12:09:52.193 [main] INFO  org.hibernateTest.Practice.TestTimeDiff - SAVING LOGS FOR 07-Jan-20 02.07.46 AM
2020-01-08 12:09:52.950 [main] INFO  org.hibernateTest.Practice.TestTimeDiff - transaction_1 for UNET-PROVIDER started
2020-01-08 12:20:45.630 [main] INFO  org.hibernate.Version - HHH000412: Hibernate Core {5.4.6.Final}
2020-01-08 12:20:45.965 [main] WARN  org.hibernate.orm.deprecation - HHH90000012: Recognized obsolete hibernate namespace http://hibernate.sourceforge.net/hibernate-configuration. Use namespace http://www.hibernate.org/dtd/hibernate-configuration instead.  Support for obsolete DTD/XSD namespaces may be removed at any time.
2020-01-08 12:20:46.607 [main] INFO  org.hibernate.annotations.common.Version - HCANN000001: Hibernate Commons Annotations {5.1.0.Final}
2020-01-08 12:20:47.448 [main] WARN  org.hibernate.orm.deprecation - HHH90000012: Recognized obsolete hibernate namespace http://hibernate.sourceforge.net/hibernate-mapping. Use namespace http://www.hibernate.org/dtd/hibernate-mapping instead.  Support for obsolete DTD/XSD namespaces may be removed at any time.
2020-01-08 12:20:48.134 [main] WARN  org.hibernate.orm.deprecation - HHH90000012: Recognized obsolete hibernate namespace http://hibernate.sourceforge.net/hibernate-mapping. Use namespace http://www.hibernate.org/dtd/hibernate-mapping instead.  Support for obsolete DTD/XSD namespaces may be removed at any time.
2020-01-08 12:20:48.191 [main] WARN  org.hibernate.orm.connections.pooling - HHH10001002: Using Hibernate built-in connection pool (not for production use!)
2020-01-08 12:20:48.245 [main] INFO  org.hibernate.orm.connections.pooling - HHH10001005: using driver [oracle.jdbc.driver.OracleDriver] at URL [jdbc:oracle:thin:@//ep02:1521/mdspr02svc.uhc.com]
2020-01-08 12:20:48.246 [main] INFO  org.hibernate.orm.connections.pooling - HHH10001001: Connection properties: {user=UHG_001504675, password=ZXcv*a1z}
2020-01-08 12:20:48.246 [main] INFO  org.hibernate.orm.connections.pooling - HHH10001003: Autocommit mode: false
2020-01-08 12:20:48.250 [main] INFO  org.hibernate.engine.jdbc.connections.internal.DriverManagerConnectionProviderImpl - HHH000115: Hibernate connection pool size: 20 (min=1)
2020-01-08 12:20:52.623 [main] INFO  org.hibernate.dialect.Dialect - HHH000400: Using dialect: org.hibernate.dialect.Oracle12cDialect
2020-01-08 12:20:56.227 [main] WARN  org.hibernate.orm.deprecation - HHH90000005: Defining an entity [org.Test.modelClass.cycleDate] with no physical id attribute is no longer supported; please map the identifier to a physical entity attribute
