2020-01-10 11:57:40.574 [main] WARN  org.hibernate.orm.connections.pooling - HHH10001002: Using Hibernate built-in connection pool (not for production use!)
2020-01-10 11:57:40.659 [main] INFO  org.hibernate.orm.connections.pooling - HHH10001005: using driver [oracle.jdbc.driver.OracleDriver] at URL [jdbc:oracle:thin:@//ep02:1521/mdspr02svc.uhc.com]
2020-01-10 11:57:40.659 [main] INFO  org.hibernate.orm.connections.pooling - HHH10001001: Connection properties: {user=UHG_001504675, password=ZXcv*a1z}
2020-01-10 11:57:40.660 [main] INFO  org.hibernate.orm.connections.pooling - HHH10001003: Autocommit mode: false
2020-01-10 11:57:40.666 [main] INFO  org.hibernate.engine.jdbc.connections.internal.DriverManagerConnectionProviderImpl - HHH000115: Hibernate connection pool size: 20 (min=1)
2020-01-10 11:57:45.081 [main] INFO  org.hibernate.dialect.Dialect - HHH000400: Using dialect: org.hibernate.dialect.Oracle12cDialect
2020-01-10 11:57:49.235 [main] WARN  org.hibernate.orm.deprecation - HHH90000005: Defining an entity [org.Test.modelClass.cycleDate] with no physical id attribute is no longer supported; please map the identifier to a physical entity attribute
2020-01-10 11:57:50.388 [main] INFO  org.hibernate.engine.transaction.jta.platform.internal.JtaPlatformInitiator - HHH000490: Using JtaPlatform implementation: [org.hibernate.engine.transaction.jta.platform.internal.NoJtaPlatform]
2020-01-10 12:01:31.156 [main] INFO  org.hibernate.Version - HHH000412: Hibernate Core {5.4.6.Final}
2020-01-10 12:01:31.382 [main] WARN  org.hibernate.orm.deprecation - HHH90000012: Recognized obsolete hibernate namespace http://hibernate.sourceforge.net/hibernate-configuration. Use namespace http://www.hibernate.org/dtd/hibernate-configuration instead.  Support for obsolete DTD/XSD namespaces may be removed at any time.
2020-01-10 12:01:31.964 [main] INFO  org.hibernate.annotations.common.Version - HCANN000001: Hibernate Commons Annotations {5.1.0.Final}
2020-01-10 12:01:32.663 [main] WARN  org.hibernate.orm.deprecation - HHH90000012: Recognized obsolete hibernate namespace http://hibernate.sourceforge.net/hibernate-mapping. Use namespace http://www.hibernate.org/dtd/hibernate-mapping instead.  Support for obsolete DTD/XSD namespaces may be removed at any time.
2020-01-10 12:01:33.263 [main] WARN  org.hibernate.orm.deprecation - HHH90000012: Recognized obsolete hibernate namespace http://hibernate.sourceforge.net/hibernate-mapping. Use namespace http://www.hibernate.org/dtd/hibernate-mapping instead.  Support for obsolete DTD/XSD namespaces may be removed at any time.
2020-01-10 12:01:33.319 [main] WARN  org.hibernate.orm.connections.pooling - HHH10001002: Using Hibernate built-in connection pool (not for production use!)
2020-01-10 12:01:33.366 [main] INFO  org.hibernate.orm.connections.pooling - HHH10001005: using driver [oracle.jdbc.driver.OracleDriver] at URL [jdbc:oracle:thin:@//ep02:1521/mdspr02svc.uhc.com]
2020-01-10 12:01:33.367 [main] INFO  org.hibernate.orm.connections.pooling - HHH10001001: Connection properties: {user=UHG_001504675, password=ZXcv*a1z}
2020-01-10 12:01:33.368 [main] INFO  org.hibernate.orm.connections.pooling - HHH10001003: Autocommit mode: false
2020-01-10 12:01:33.372 [main] INFO  org.hibernate.engine.jdbc.connections.internal.DriverManagerConnectionProviderImpl - HHH000115: Hibernate connection pool size: 20 (min=1)
2020-01-10 12:01:37.397 [main] INFO  org.hibernate.dialect.Dialect - HHH000400: Using dialect: org.hibernate.dialect.Oracle12cDialect
2020-01-10 12:01:41.166 [main] WARN  org.hibernate.orm.deprecation - HHH90000005: Defining an entity [org.Test.modelClass.cycleDate] with no physical id attribute is no longer supported; please map the identifier to a physical entity attribute
2020-01-10 12:01:42.226 [main] INFO  org.hibernate.engine.transaction.jta.platform.internal.JtaPlatformInitiator - HHH000490: Using JtaPlatform implementation: [org.hibernate.engine.transaction.jta.platform.internal.NoJtaPlatform]
2020-01-10 12:01:43.591 [main] INFO  org.hibernateTest.Practice.TestTimeDiff - SAVING LOGS FOR 09-Jan-20 02.08.08 AMat 2020-01-10 12:01:30
2020-01-10 12:01:44.214 [main] INFO  org.hibernateTest.Practice.TestTimeDiff - transaction_1 for UNET-PROVIDER started
2020-01-10 20:02:11.951 [main] INFO  org.hibernate.Version - HHH000412: Hibernate Core {5.4.6.Final}
2020-01-10 20:02:12.383 [main] WARN  org.hibernate.orm.deprecation - HHH90000012: Recognized obsolete hibernate namespace http://hibernate.sourceforge.net/hibernate-configuration. Use namespace http://www.hibernate.org/dtd/hibernate-configuration instead.  Support for obsolete DTD/XSD namespaces may be removed at any time.
2020-01-10 20:02:13.203 [main] INFO  org.hibernate.annotations.common.Version - HCANN000001: Hibernate Commons Annotations {5.1.0.Final}
2020-01-10 20:02:14.275 [main] WARN  org.hibernate.orm.deprecation - HHH90000012: Recognized obsolete hibernate namespace http://hibernate.sourceforge.net/hibernate-mapping. Use namespace http://www.hibernate.org/dtd/hibernate-mapping instead.  Support for obsolete DTD/XSD namespaces may be removed at any time.
