2020-01-08 20:15:40.745 [main] INFO  org.hibernate.engine.transaction.jta.platform.internal.JtaPlatformInitiator - HHH000490: Using JtaPlatform implementation: [org.hibernate.engine.transaction.jta.platform.internal.NoJtaPlatform]
2020-01-08 20:15:42.739 [main] INFO  org.hibernateTest.Practice.TestTimeDiff - SAVING LOGS FOR 08-Jan-20 02.08.04 AMat 2020-01-08 08:15:23
2020-01-08 20:15:43.229 [main] INFO  org.hibernateTest.Practice.TestTimeDiff - transaction_1 for UNET-PROVIDER started
2020-01-08 20:15:44.366 [main] INFO  org.hibernateTest.Practice.TestTimeDiff -  PrePreProcessor on plan with ETA = 01/08/20 10:13 AM CST
2020-01-08 20:15:44.898 [main] INFO  org.hibernateTest.Practice.TestTimeDiff -  Pre Process on plan with ETA = 01/08/20 10:40 AM CST
2020-01-08 20:15:45.968 [main] INFO  org.hibernateTest.Practice.TestTimeDiff -  Intake on plan with ETA = 01/08/20 01:21 PM CST
2020-01-08 20:15:47.024 [main] INFO  org.hibernateTest.Practice.TestTimeDiff -  Scheduling on plan with ETA = 01/08/20 01:55 PM CST
2020-01-08 20:15:48.075 [main] INFO  org.hibernateTest.Practice.TestTimeDiff -  Release & Consolidation on plan with ETA = 01/08/20 05:00 PM CST
2020-01-08 20:15:49.145 [main] INFO  org.hibernateTest.Practice.TestTimeDiff -  Payment Processing on plan with ETA = 01/08/20 05:46 PM CST
2020-01-08 20:15:49.666 [main] INFO  org.hibernateTest.Practice.TestTimeDiff -  Post Payment Extract (OTS,TOPS, UCAS on plan with ETA = 01/08/20 06:12 PM CST
2020-01-08 20:15:50.749 [main] INFO  org.hibernateTest.Practice.TestTimeDiff -  835 EPS/B2B on plan with ETA = 01/08/20 07:26 PM CST
2020-01-08 20:15:51.309 [main] INFO  org.hibernateTest.Practice.TestTimeDiff -  EPS Funding File on plan with ETA = 01/08/20 07:32 PM CST
2020-01-08 20:15:51.852 [main] INFO  org.hibernateTest.Practice.TestTimeDiff -  Funding Report on plan with ETA = 01/08/20 07:57 PM CST
2020-01-08 20:15:52.383 [main] INFO  org.hibernateTest.Practice.TestTimeDiff -  Provider PRA on plan with ETA = 01/08/20 08:43 PM CST
2020-01-08 20:22:56.035 [main] INFO  org.hibernate.Version - HHH000412: Hibernate Core {5.4.6.Final}
2020-01-08 20:22:56.348 [main] WARN  org.hibernate.orm.deprecation - HHH90000012: Recognized obsolete hibernate namespace http://hibernate.sourceforge.net/hibernate-configuration. Use namespace http://www.hibernate.org/dtd/hibernate-configuration instead.  Support for obsolete DTD/XSD namespaces may be removed at any time.
2020-01-08 20:22:57.213 [main] INFO  org.hibernate.annotations.common.Version - HCANN000001: Hibernate Commons Annotations {5.1.0.Final}
2020-01-08 20:22:58.191 [main] WARN  org.hibernate.orm.deprecation - HHH90000012: Recognized obsolete hibernate namespace http://hibernate.sourceforge.net/hibernate-mapping. Use namespace http://www.hibernate.org/dtd/hibernate-mapping instead.  Support for obsolete DTD/XSD namespaces may be removed at any time.
2020-01-08 20:22:59.029 [main] WARN  org.hibernate.orm.deprecation - HHH90000012: Recognized obsolete hibernate namespace http://hibernate.sourceforge.net/hibernate-mapping. Use namespace http://www.hibernate.org/dtd/hibernate-mapping instead.  Support for obsolete DTD/XSD namespaces may be removed at any time.
2020-01-08 20:22:59.089 [main] WARN  org.hibernate.orm.connections.pooling - HHH10001002: Using Hibernate built-in connection pool (not for production use!)
2020-01-08 20:22:59.153 [main] INFO  org.hibernate.orm.connections.pooling - HHH10001005: using driver [oracle.jdbc.driver.OracleDriver] at URL [jdbc:oracle:thin:@//ep02:1521/mdspr02svc.uhc.com]
2020-01-08 20:22:59.154 [main] INFO  org.hibernate.orm.connections.pooling - HHH10001001: Connection properties: {user=UHG_001504675, password=ZXcv*a1z}
2020-01-08 20:22:59.155 [main] INFO  org.hibernate.orm.connections.pooling - HHH10001003: Autocommit mode: false
2020-01-08 20:22:59.161 [main] INFO  org.hibernate.engine.jdbc.connections.internal.DriverManagerConnectionProviderImpl - HHH000115: Hibernate connection pool size: 20 (min=1)
2020-01-08 20:23:03.397 [main] INFO  org.hibernate.dialect.Dialect - HHH000400: Using dialect: org.hibernate.dialect.Oracle12cDialect
2020-01-08 20:23:07.740 [main] WARN  org.hibernate.orm.deprecation - HHH90000005: Defining an entity [org.Test.modelClass.cycleDate] with no physical id attribute is no longer supported; please map the identifier to a physical entity attribute
2020-01-08 20:23:09.109 [main] INFO  org.hibernate.engine.transaction.jta.platform.internal.JtaPlatformInitiator - HHH000490: Using JtaPlatform implementation: [org.hibernate.engine.transaction.jta.platform.internal.NoJtaPlatform]
2020-01-08 20:23:10.628 [main] INFO  org.hibernateTest.Practice.TestTimeDiff - SAVING LOGS FOR 08-Jan-20 02.08.04 AMat 2020-01-08 08:22:53
2020-01-08 20:23:11.283 [main] INFO  org.hibernateTest.Practice.TestTimeDiff - transaction_1 for UNET-PROVIDER started
2020-01-08 20:23:12.470 [main] INFO  org.hibernateTest.Practice.TestTimeDiff -  PrePreProcessor on plan with ETA = 01/08/20 10:13 AM CST
2020-01-08 20:23:13.019 [main] INFO  org.hibernateTest.Practice.TestTimeDiff -  Pre Process on plan with ETA = 01/08/20 10:40 AM CST
