2020-01-07 17:12:12.423 [main] INFO  org.hibernate.Version - HHH000412: Hibernate Core {5.4.6.Final}
2020-01-07 17:12:12.772 [main] WARN  org.hibernate.orm.deprecation - HHH90000012: Recognized obsolete hibernate namespace http://hibernate.sourceforge.net/hibernate-configuration. Use namespace http://www.hibernate.org/dtd/hibernate-configuration instead.  Support for obsolete DTD/XSD namespaces may be removed at any time.
2020-01-07 17:12:13.505 [main] INFO  org.hibernate.annotations.common.Version - HCANN000001: Hibernate Commons Annotations {5.1.0.Final}
2020-01-07 17:12:14.399 [main] WARN  org.hibernate.orm.deprecation - HHH90000012: Recognized obsolete hibernate namespace http://hibernate.sourceforge.net/hibernate-mapping. Use namespace http://www.hibernate.org/dtd/hibernate-mapping instead.  Support for obsolete DTD/XSD namespaces may be removed at any time.
2020-01-07 17:12:15.159 [main] WARN  org.hibernate.orm.deprecation - HHH90000012: Recognized obsolete hibernate namespace http://hibernate.sourceforge.net/hibernate-mapping. Use namespace http://www.hibernate.org/dtd/hibernate-mapping instead.  Support for obsolete DTD/XSD namespaces may be removed at any time.
2020-01-07 17:12:15.231 [main] WARN  org.hibernate.orm.connections.pooling - HHH10001002: Using Hibernate built-in connection pool (not for production use!)
2020-01-07 17:12:15.287 [main] INFO  org.hibernate.orm.connections.pooling - HHH10001005: using driver [oracle.jdbc.driver.OracleDriver] at URL [jdbc:oracle:thin:@//ep02:1521/mdspr02svc.uhc.com]
2020-01-07 17:12:15.288 [main] INFO  org.hibernate.orm.connections.pooling - HHH10001001: Connection properties: {user=UHG_001504675, password=ZXcv*a1z}
2020-01-07 17:12:15.288 [main] INFO  org.hibernate.orm.connections.pooling - HHH10001003: Autocommit mode: false
2020-01-07 17:12:15.291 [main] INFO  org.hibernate.engine.jdbc.connections.internal.DriverManagerConnectionProviderImpl - HHH000115: Hibernate connection pool size: 20 (min=1)
2020-01-07 17:12:19.342 [main] INFO  org.hibernate.dialect.Dialect - HHH000400: Using dialect: org.hibernate.dialect.Oracle12cDialect
2020-01-07 17:12:23.145 [main] WARN  org.hibernate.orm.deprecation - HHH90000005: Defining an entity [org.Test.modelClass.cycleDate] with no physical id attribute is no longer supported; please map the identifier to a physical entity attribute
2020-01-07 17:12:24.916 [main] INFO  org.hibernate.engine.transaction.jta.platform.internal.JtaPlatformInitiator - HHH000490: Using JtaPlatform implementation: [org.hibernate.engine.transaction.jta.platform.internal.NoJtaPlatform]
2020-01-07 18:06:59.635 [main] INFO  org.hibernate.Version - HHH000412: Hibernate Core {5.4.6.Final}
2020-01-07 18:07:00.050 [main] WARN  org.hibernate.orm.deprecation - HHH90000012: Recognized obsolete hibernate namespace http://hibernate.sourceforge.net/hibernate-configuration. Use namespace http://www.hibernate.org/dtd/hibernate-configuration instead.  Support for obsolete DTD/XSD namespaces may be removed at any time.
2020-01-07 18:07:00.849 [main] INFO  org.hibernate.annotations.common.Version - HCANN000001: Hibernate Commons Annotations {5.1.0.Final}
2020-01-07 18:07:01.671 [main] WARN  org.hibernate.orm.deprecation - HHH90000012: Recognized obsolete hibernate namespace http://hibernate.sourceforge.net/hibernate-mapping. Use namespace http://www.hibernate.org/dtd/hibernate-mapping instead.  Support for obsolete DTD/XSD namespaces may be removed at any time.
2020-01-07 18:07:02.401 [main] WARN  org.hibernate.orm.deprecation - HHH90000012: Recognized obsolete hibernate namespace http://hibernate.sourceforge.net/hibernate-mapping. Use namespace http://www.hibernate.org/dtd/hibernate-mapping instead.  Support for obsolete DTD/XSD namespaces may be removed at any time.
2020-01-07 18:07:02.469 [main] WARN  org.hibernate.orm.connections.pooling - HHH10001002: Using Hibernate built-in connection pool (not for production use!)
2020-01-07 18:07:02.533 [main] INFO  org.hibernate.orm.connections.pooling - HHH10001005: using driver [oracle.jdbc.driver.OracleDriver] at URL [jdbc:oracle:thin:@//ep02:1521/mdspr02svc.uhc.com]
2020-01-07 18:07:02.533 [main] INFO  org.hibernate.orm.connections.pooling - HHH10001001: Connection properties: {user=UHG_001504675, password=ZXcv*a1z}
2020-01-07 18:07:02.533 [main] INFO  org.hibernate.orm.connections.pooling - HHH10001003: Autocommit mode: false
2020-01-07 18:07:02.538 [main] INFO  org.hibernate.engine.jdbc.connections.internal.DriverManagerConnectionProviderImpl - HHH000115: Hibernate connection pool size: 20 (min=1)
2020-01-07 18:07:07.016 [main] INFO  org.hibernate.dialect.Dialect - HHH000400: Using dialect: org.hibernate.dialect.Oracle12cDialect
2020-01-07 18:07:11.050 [main] WARN  org.hibernate.orm.deprecation - HHH90000005: Defining an entity [org.Test.modelClass.cycleDate] with no physical id attribute is no longer supported; please map the identifier to a physical entity attribute
2020-01-07 18:07:12.352 [main] INFO  org.hibernate.engine.transaction.jta.platform.internal.JtaPlatformInitiator - HHH000490: Using JtaPlatform implementation: [org.hibernate.engine.transaction.jta.platform.internal.NoJtaPlatform]
