2020-01-07 19:36:34.543 [main] WARN  org.hibernate.orm.deprecation - HHH90000012: Recognized obsolete hibernate namespace http://hibernate.sourceforge.net/hibernate-mapping. Use namespace http://www.hibernate.org/dtd/hibernate-mapping instead.  Support for obsolete DTD/XSD namespaces may be removed at any time.
2020-01-07 19:36:34.615 [main] WARN  org.hibernate.orm.connections.pooling - HHH10001002: Using Hibernate built-in connection pool (not for production use!)
2020-01-07 19:36:34.672 [main] INFO  org.hibernate.orm.connections.pooling - HHH10001005: using driver [oracle.jdbc.driver.OracleDriver] at URL [jdbc:oracle:thin:@//ep02:1521/mdspr02svc.uhc.com]
2020-01-07 19:36:34.673 [main] INFO  org.hibernate.orm.connections.pooling - HHH10001001: Connection properties: {user=UHG_001504675, password=ZXcv*a1z}
2020-01-07 19:36:34.681 [main] INFO  org.hibernate.orm.connections.pooling - HHH10001003: Autocommit mode: false
2020-01-07 19:36:34.685 [main] INFO  org.hibernate.engine.jdbc.connections.internal.DriverManagerConnectionProviderImpl - HHH000115: Hibernate connection pool size: 20 (min=1)
2020-01-07 19:36:38.898 [main] INFO  org.hibernate.dialect.Dialect - HHH000400: Using dialect: org.hibernate.dialect.Oracle12cDialect
2020-01-07 19:36:42.285 [main] WARN  org.hibernate.orm.deprecation - HHH90000005: Defining an entity [org.Test.modelClass.cycleDate] with no physical id attribute is no longer supported; please map the identifier to a physical entity attribute
2020-01-07 19:36:43.421 [main] INFO  org.hibernate.engine.transaction.jta.platform.internal.JtaPlatformInitiator - HHH000490: Using JtaPlatform implementation: [org.hibernate.engine.transaction.jta.platform.internal.NoJtaPlatform]
2020-01-07 19:39:29.744 [main] INFO  org.hibernate.Version - HHH000412: Hibernate Core {5.4.6.Final}
2020-01-07 19:39:30.118 [main] WARN  org.hibernate.orm.deprecation - HHH90000012: Recognized obsolete hibernate namespace http://hibernate.sourceforge.net/hibernate-configuration. Use namespace http://www.hibernate.org/dtd/hibernate-configuration instead.  Support for obsolete DTD/XSD namespaces may be removed at any time.
2020-01-07 19:39:30.757 [main] INFO  org.hibernate.annotations.common.Version - HCANN000001: Hibernate Commons Annotations {5.1.0.Final}
2020-01-07 19:39:31.499 [main] WARN  org.hibernate.orm.deprecation - HHH90000012: Recognized obsolete hibernate namespace http://hibernate.sourceforge.net/hibernate-mapping. Use namespace http://www.hibernate.org/dtd/hibernate-mapping instead.  Support for obsolete DTD/XSD namespaces may be removed at any time.
2020-01-07 19:39:32.187 [main] WARN  org.hibernate.orm.deprecation - HHH90000012: Recognized obsolete hibernate namespace http://hibernate.sourceforge.net/hibernate-mapping. Use namespace http://www.hibernate.org/dtd/hibernate-mapping instead.  Support for obsolete DTD/XSD namespaces may be removed at any time.
2020-01-07 19:39:32.242 [main] WARN  org.hibernate.orm.connections.pooling - HHH10001002: Using Hibernate built-in connection pool (not for production use!)
2020-01-07 19:39:32.289 [main] INFO  org.hibernate.orm.connections.pooling - HHH10001005: using driver [oracle.jdbc.driver.OracleDriver] at URL [jdbc:oracle:thin:@//ep02:1521/mdspr02svc.uhc.com]
2020-01-07 19:39:32.289 [main] INFO  org.hibernate.orm.connections.pooling - HHH10001001: Connection properties: {user=UHG_001504675, password=ZXcv*a1z}
2020-01-07 19:39:32.290 [main] INFO  org.hibernate.orm.connections.pooling - HHH10001003: Autocommit mode: false
2020-01-07 19:39:32.293 [main] INFO  org.hibernate.engine.jdbc.connections.internal.DriverManagerConnectionProviderImpl - HHH000115: Hibernate connection pool size: 20 (min=1)
2020-01-07 19:39:36.516 [main] INFO  org.hibernate.dialect.Dialect - HHH000400: Using dialect: org.hibernate.dialect.Oracle12cDialect
2020-01-07 19:39:39.787 [main] WARN  org.hibernate.orm.deprecation - HHH90000005: Defining an entity [org.Test.modelClass.cycleDate] with no physical id attribute is no longer supported; please map the identifier to a physical entity attribute
2020-01-07 19:39:41.315 [main] INFO  org.hibernate.engine.transaction.jta.platform.internal.JtaPlatformInitiator - HHH000490: Using JtaPlatform implementation: [org.hibernate.engine.transaction.jta.platform.internal.NoJtaPlatform]
2020-01-07 19:39:42.045 [main] INFO  org.hibernateTest.Practice.TestTimeDiff - SAVING LOGS FOR 07-Jan-20 02.07.46 AM
2020-01-07 19:39:42.520 [main] INFO  org.hibernateTest.Practice.TestTimeDiff - transaction_1 for UNET-PROVIDER started
2020-01-07 19:39:43.722 [main] INFO  org.hibernateTest.Practice.TestTimeDiff -  PrePreProcessor on plan with ETA = 01/07/20 10:54 AM CST
2020-01-07 19:39:44.269 [main] INFO  org.hibernateTest.Practice.TestTimeDiff -  Pre Process on plan with ETA = 01/07/20 11:14 AM CST
2020-01-07 19:39:45.413 [main] INFO  org.hibernateTest.Practice.TestTimeDiff -  Intake on plan with ETA = 01/07/20 01:20 PM CST
2020-01-07 19:39:46.557 [main] INFO  org.hibernateTest.Practice.TestTimeDiff -  Scheduling on plan with ETA = 01/07/20 01:41 PM CST
2020-01-07 19:39:47.703 [main] INFO  org.hibernateTest.Practice.TestTimeDiff -  Release & Consolidation on plan with ETA = 01/07/20 05:49 PM CST
