2020-01-04 03:50:58,008 INFO o.h.Version [main] HHH000412: Hibernate Core {5.4.6.Final}
2020-01-04 03:50:58,425 WARN o.h.o.deprecation [main] HHH90000012: Recognized obsolete hibernate namespace http://hibernate.sourceforge.net/hibernate-configuration. Use namespace http://www.hibernate.org/dtd/hibernate-configuration instead.  Support for obsolete DTD/XSD namespaces may be removed at any time.
2020-01-04 03:50:59,282 INFO o.h.a.c.Version [main] HCANN000001: Hibernate Commons Annotations {5.1.0.Final}
2020-01-04 03:51:00,307 WARN o.h.o.deprecation [main] HHH90000012: Recognized obsolete hibernate namespace http://hibernate.sourceforge.net/hibernate-mapping. Use namespace http://www.hibernate.org/dtd/hibernate-mapping instead.  Support for obsolete DTD/XSD namespaces may be removed at any time.
2020-01-04 03:51:01,199 WARN o.h.o.deprecation [main] HHH90000012: Recognized obsolete hibernate namespace http://hibernate.sourceforge.net/hibernate-mapping. Use namespace http://www.hibernate.org/dtd/hibernate-mapping instead.  Support for obsolete DTD/XSD namespaces may be removed at any time.
2020-01-04 03:51:01,264 WARN o.h.o.c.pooling [main] HHH10001002: Using Hibernate built-in connection pool (not for production use!)
2020-01-04 03:51:01,334 INFO o.h.o.c.pooling [main] HHH10001005: using driver [oracle.jdbc.driver.OracleDriver] at URL [jdbc:oracle:thin:@//ep02:1521/mdspr02svc.uhc.com]
2020-01-04 03:51:01,334 INFO o.h.o.c.pooling [main] HHH10001001: Connection properties: {user=UHG_001504675, password=ZXcv*a1z}
2020-01-04 03:51:01,335 INFO o.h.o.c.pooling [main] HHH10001003: Autocommit mode: false
2020-01-04 03:51:01,339 INFO o.h.e.j.c.i.DriverManagerConnectionProviderImpl [main] HHH000115: Hibernate connection pool size: 20 (min=1)
2020-01-04 03:51:06,182 INFO o.h.d.Dialect [main] HHH000400: Using dialect: org.hibernate.dialect.Oracle12cDialect
2020-01-04 03:51:10,399 WARN o.h.o.deprecation [main] HHH90000005: Defining an entity [org.Test.modelClass.cycleDate] with no physical id attribute is no longer supported; please map the identifier to a physical entity attribute
2020-01-04 03:51:12,673 INFO o.h.e.t.j.p.i.JtaPlatformInitiator [main] HHH000490: Using JtaPlatform implementation: [org.hibernate.engine.transaction.jta.platform.internal.NoJtaPlatform]
2020-01-04 03:51:13,552 INFO o.h.P.TestTimeDiff [main] SAVING LOGS FOR 03-Jan-20 02.08.07 AM
2020-01-04 03:51:14,487 INFO o.h.P.TestTimeDiff [main] transaction_1 for UNET-PROVIDER started
2020-01-04 03:51:16,360 INFO o.h.P.TestTimeDiff [main]  Release & Consolidation in progress with ETA = 2020-01-03 17:53:43.0
2020-01-04 03:51:17,585 INFO o.h.P.TestTimeDiff [main]  Payment Processing on plan with ETA = 2020-01-03 18:13:07.0
2020-01-04 03:51:18,181 INFO o.h.P.TestTimeDiff [main]  Post Payment Extract (OTS,TOPS, UCAS on plan with ETA = 2020-01-03 18:37:48.0
2020-01-04 03:51:19,441 INFO o.h.P.TestTimeDiff [main]  835 EPS/B2B on plan with ETA = 2020-01-03 19:51:37.0
2020-01-04 03:51:20,114 INFO o.h.P.TestTimeDiff [main]  EPS Funding File on plan with ETA = 2020-01-03 19:54:42.0
2020-01-04 03:51:20,712 INFO o.h.P.TestTimeDiff [main]  Funding Report on plan with ETA = 2020-01-03 20:20:33.0
2020-01-04 03:51:21,308 INFO o.h.P.TestTimeDiff [main]  Provider PRA on plan with ETA = 2020-01-03 20:55:57.0
