2020-01-07 19:52:08.519 [main] INFO  org.hibernate.orm.connections.pooling - HHH10001003: Autocommit mode: false
2020-01-07 19:52:08.538 [main] INFO  org.hibernate.engine.jdbc.connections.internal.DriverManagerConnectionProviderImpl - HHH000115: Hibernate connection pool size: 20 (min=1)
2020-01-07 19:52:12.978 [main] INFO  org.hibernate.dialect.Dialect - HHH000400: Using dialect: org.hibernate.dialect.Oracle12cDialect
2020-01-07 19:52:16.478 [main] WARN  org.hibernate.orm.deprecation - HHH90000005: Defining an entity [org.Test.modelClass.cycleDate] with no physical id attribute is no longer supported; please map the identifier to a physical entity attribute
2020-01-07 19:52:17.950 [main] INFO  org.hibernate.engine.transaction.jta.platform.internal.JtaPlatformInitiator - HHH000490: Using JtaPlatform implementation: [org.hibernate.engine.transaction.jta.platform.internal.NoJtaPlatform]
2020-01-07 19:58:32.228 [main] INFO  org.hibernate.Version - HHH000412: Hibernate Core {5.4.6.Final}
2020-01-07 19:58:32.563 [main] WARN  org.hibernate.orm.deprecation - HHH90000012: Recognized obsolete hibernate namespace http://hibernate.sourceforge.net/hibernate-configuration. Use namespace http://www.hibernate.org/dtd/hibernate-configuration instead.  Support for obsolete DTD/XSD namespaces may be removed at any time.
2020-01-07 19:58:33.523 [main] INFO  org.hibernate.annotations.common.Version - HCANN000001: Hibernate Commons Annotations {5.1.0.Final}
2020-01-07 19:58:34.626 [main] WARN  org.hibernate.orm.deprecation - HHH90000012: Recognized obsolete hibernate namespace http://hibernate.sourceforge.net/hibernate-mapping. Use namespace http://www.hibernate.org/dtd/hibernate-mapping instead.  Support for obsolete DTD/XSD namespaces may be removed at any time.
2020-01-07 19:58:35.365 [main] WARN  org.hibernate.orm.deprecation - HHH90000012: Recognized obsolete hibernate namespace http://hibernate.sourceforge.net/hibernate-mapping. Use namespace http://www.hibernate.org/dtd/hibernate-mapping instead.  Support for obsolete DTD/XSD namespaces may be removed at any time.
2020-01-07 19:58:35.419 [main] WARN  org.hibernate.orm.connections.pooling - HHH10001002: Using Hibernate built-in connection pool (not for production use!)
2020-01-07 19:58:35.472 [main] INFO  org.hibernate.orm.connections.pooling - HHH10001005: using driver [oracle.jdbc.driver.OracleDriver] at URL [jdbc:oracle:thin:@//ep02:1521/mdspr02svc.uhc.com]
2020-01-07 19:58:35.473 [main] INFO  org.hibernate.orm.connections.pooling - HHH10001001: Connection properties: {user=UHG_001504675, password=ZXcv*a1z}
2020-01-07 19:58:35.473 [main] INFO  org.hibernate.orm.connections.pooling - HHH10001003: Autocommit mode: false
2020-01-07 19:58:35.476 [main] INFO  org.hibernate.engine.jdbc.connections.internal.DriverManagerConnectionProviderImpl - HHH000115: Hibernate connection pool size: 20 (min=1)
2020-01-07 19:58:39.449 [main] INFO  org.hibernate.dialect.Dialect - HHH000400: Using dialect: org.hibernate.dialect.Oracle12cDialect
2020-01-07 19:58:43.253 [main] WARN  org.hibernate.orm.deprecation - HHH90000005: Defining an entity [org.Test.modelClass.cycleDate] with no physical id attribute is no longer supported; please map the identifier to a physical entity attribute
2020-01-07 19:58:44.402 [main] INFO  org.hibernate.engine.transaction.jta.platform.internal.JtaPlatformInitiator - HHH000490: Using JtaPlatform implementation: [org.hibernate.engine.transaction.jta.platform.internal.NoJtaPlatform]
2020-01-07 19:58:45.118 [main] INFO  org.hibernateTest.Practice.TestTimeDiff - SAVING LOGS FOR 07-Jan-20 02.07.46 AM
2020-01-07 19:58:45.472 [main] INFO  org.hibernateTest.Practice.TestTimeDiff - transaction_1 for UNET-PROVIDER started
2020-01-07 19:58:46.534 [main] INFO  org.hibernateTest.Practice.TestTimeDiff -  PrePreProcessor on plan with ETA = 01/07/20 10:54 AM CST
2020-01-07 19:58:47.044 [main] INFO  org.hibernateTest.Practice.TestTimeDiff -  Pre Process on plan with ETA = 01/07/20 11:14 AM CST
2020-01-07 19:58:48.084 [main] INFO  org.hibernateTest.Practice.TestTimeDiff -  Intake on plan with ETA = 01/07/20 01:20 PM CST
2020-01-07 19:58:49.114 [main] INFO  org.hibernateTest.Practice.TestTimeDiff -  Scheduling on plan with ETA = 01/07/20 01:41 PM CST
2020-01-07 19:58:50.144 [main] INFO  org.hibernateTest.Practice.TestTimeDiff -  Release & Consolidation on plan with ETA = 01/07/20 05:49 PM CST
2020-01-07 19:58:51.175 [main] INFO  org.hibernateTest.Practice.TestTimeDiff -  Payment Processing on plan with ETA = 01/07/20 06:19 PM CST
2020-01-07 19:58:51.676 [main] INFO  org.hibernateTest.Practice.TestTimeDiff -  Post Payment Extract (OTS,TOPS, UCAS on plan with ETA = 01/07/20 06:48 PM CST
2020-01-07 19:58:52.703 [main] INFO  org.hibernateTest.Practice.TestTimeDiff -  835 EPS/B2B on plan with ETA = 01/07/20 08:02 PM CST
2020-01-07 19:58:53.206 [main] INFO  org.hibernateTest.Practice.TestTimeDiff -  EPS Funding File on plan with ETA = 01/07/20 08:04 PM CST
2020-01-07 19:58:53.729 [main] INFO  org.hibernateTest.Practice.TestTimeDiff -  Funding Report on plan with ETA = 01/07/20 08:30 PM CST
